<?xml version="1.0" encoding="UTF-8"?>
<testsuite name="com.ai.slp.common.test.cache.CacheTest" tests="6" skipped="0" failures="0" errors="0" timestamp="2016-07-30T13:55:01" hostname="PC-20160107GBNE" time="7.182">
  <properties/>
  <testcase name="testWrite" classname="com.ai.slp.common.test.cache.CacheTest" time="5.895"/>
  <testcase name="testReadGnSysParamNew" classname="com.ai.slp.common.test.cache.CacheTest" time="0.24"/>
  <testcase name="testReadArea" classname="com.ai.slp.common.test.cache.CacheTest" time="0.018"/>
  <testcase name="getUUID" classname="com.ai.slp.common.test.cache.CacheTest" time="0.19"/>
  <testcase name="writeGnSysParam" classname="com.ai.slp.common.test.cache.CacheTest" time="0.83"/>
  <testcase name="testGnSubject" classname="com.ai.slp.common.test.cache.CacheTest" time="0.009"/>
  <system-out><![CDATA[singleParam={"columnDesc":"账户余额","columnValue":"1","dispord":1,"guidkey":"96165194585080080","paramCode":"PAY_STYLE","state":"1","typeCode":"ORD_OD_FEE_TOTAL"}
paramList=[{"columnDesc":"账户余额","columnValue":"1","dispord":1,"guidkey":"96165194585080080","paramCode":"PAY_STYLE","state":"1","typeCode":"ORD_OD_FEE_TOTAL"},{"columnDesc":"支付宝","columnValue":"21","dispord":1,"guidkey":"96165194585080081","paramCode":"PAY_STYLE","state":"1","typeCode":"ORD_OD_FEE_TOTAL"},{"columnDesc":"银联","columnValue":"22","dispord":1,"guidkey":"96165194585080082","paramCode":"PAY_STYLE","state":"1","typeCode":"ORD_OD_FEE_TOTAL"},{"columnDesc":"微信支付","columnValue":"23","dispord":1,"guidkey":"96165194585080083","paramCode":"PAY_STYLE","state":"1","typeCode":"ORD_OD_FEE_TOTAL"}]
singleParam="申扎县"
d4ac6452-33fa-42ec-ad9e-94cb46815729
wriete ok
{"chnlId":"","createOperId":"","createTime":1393603200000,"industryCode":"2","subjectDesc":"普通预存款","subjectId":100000,"subjectName":"普通预存款","subjectType":"9","tenantId":"SLP","unitName":"厘"}
]]></system-out>
  <system-err><![CDATA[SLF4J: Class path contains multiple SLF4J bindings.
SLF4J: Found binding in [jar:file:/C:/gradle-2.4-bin/gradle-2.4/bin/caches/modules-2/files-2.1/org.apache.logging.log4j/log4j-slf4j-impl/2.4/10014efa6c4d7f7e6df464c82629a443f987e215/log4j-slf4j-impl-2.4.jar!/org/slf4j/impl/StaticLoggerBinder.class]
SLF4J: Found binding in [jar:file:/C:/gradle-2.4-bin/gradle-2.4/bin/caches/modules-2/files-2.1/org.slf4j/slf4j-log4j12/1.7.6/6953717b9850aeb26d1b8375ca07dbd9c50eca4e/slf4j-log4j12-1.7.6.jar!/org/slf4j/impl/StaticLoggerBinder.class]
SLF4J: See http://www.slf4j.org/codes.html#multiple_bindings for an explanation.
SLF4J: Actual binding is of type [org.apache.logging.slf4j.Log4jLoggerFactory]
]]></system-err>
</testsuite>
