<?xml version="1.0" encoding="UTF-8"?>
<testsuite name="com.ai.slp.common.test.servicenum.ServiceNumTest" tests="5" skipped="0" failures="0" errors="0" timestamp="2016-07-30T13:55:08" hostname="PC-20160107GBNE" time="0.253">
  <properties/>
  <testcase name="testGetServiceNum" classname="com.ai.slp.common.test.servicenum.ServiceNumTest" time="0.043"/>
  <testcase name="testGetServiceNumCache" classname="com.ai.slp.common.test.servicenum.ServiceNumTest" time="0.028"/>
  <testcase name="testGetServiceNumCount" classname="com.ai.slp.common.test.servicenum.ServiceNumTest" time="0.151"/>
  <testcase name="testGetServiceNumObject" classname="com.ai.slp.common.test.servicenum.ServiceNumTest" time="0.015"/>
  <testcase name="testGetServiceNumPage" classname="com.ai.slp.common.test.servicenum.ServiceNumTest" time="0.014"/>
  <system-out><![CDATA[result={"basicOrgCode":"12","basicOrgName":"联通","busiCode":"中国联通 GSM","cityCode":"170","cityName":"济南","orderNo":"1","provinceCode":"17","provinceName":"山东","remark":"济南","serviceHeadCode":"130","serviceNumCode":"1300000"}
result={"basicOrgCode":"12","basicOrgName":"联通","busiCode":"中国联通 GSM","cityCode":"170","cityName":"济南","orderNo":"1","provinceCode":"17","provinceName":"山东","remark":"济南","serviceHeadCode":"130","serviceNumCode":"1300000"}
result=335169
result={"responseHeader":{"info":"","isSuccess":true,"resultCode":"000000","resultMessage":"成功","success":true},"serviceNum":{"basicOrgCode":"12","basicOrgName":"联通","busiCode":"中国联通 GSM","cityCode":"170","cityName":"济南","orderNo":"1","provinceCode":"17","provinceName":"山东","remark":"济南","serviceHeadCode":"130","serviceNumCode":"1300000"}}
result=[{"basicOrgCode":"12","basicOrgName":"联通","busiCode":"中国联通 GSM","cityCode":"170","cityName":"济南","orderNo":"1","provinceCode":"17","provinceName":"山东","remark":"济南","serviceHeadCode":"130","serviceNumCode":"1300000"},{"basicOrgCode":"12","basicOrgName":"联通","busiCode":"中国联通 GSM","cityCode":"440","cityName":"常州","orderNo":"2","provinceCode":"34","provinceName":"江苏","remark":"常州","serviceHeadCode":"130","serviceNumCode":"1300001"},{"basicOrgCode":"12","basicOrgName":"联通","busiCode":"中国联通","cityCode":"309","cityName":"巢湖","orderNo":"3","provinceCode":"30","provinceName":"安徽","remark":"巢湖","serviceHeadCode":"130","serviceNumCode":"1300002"},{"basicOrgCode":"12","basicOrgName":"联通","busiCode":"中国联通","cityCode":"817","cityName":"宜宾","orderNo":"4","provinceCode":"81","provinceName":"四川","remark":"宜宾","serviceHeadCode":"130","serviceNumCode":"1300003"},{"basicOrgCode":"12","basicOrgName":"联通","busiCode":"中国联通","cityCode":"818","cityName":"自贡","orderNo":"5","provinceCode":"81","provinceName":"四川","remark":"自贡","serviceHeadCode":"130","serviceNumCode":"1300004"},{"basicOrgCode":"12","basicOrgName":"联通","busiCode":"中国联通","cityCode":"841","cityName":"西安","orderNo":"6","provinceCode":"84","provinceName":"陕西","remark":"西安","serviceHeadCode":"130","serviceNumCode":"1300005"},{"basicOrgCode":"12","basicOrgName":"联通","busiCode":"中国联通 GSM","cityCode":"340","cityName":"南京","orderNo":"7","provinceCode":"34","provinceName":"江苏","remark":"南京","serviceHeadCode":"130","serviceNumCode":"1300006"},{"basicOrgCode":"12","basicOrgName":"联通","busiCode":"中国联通","cityCode":"841","cityName":"西安","orderNo":"8","provinceCode":"84","provinceName":"陕西","remark":"西安","serviceHeadCode":"130","serviceNumCode":"1300007"},{"basicOrgCode":"12","basicOrgName":"联通","busiCode":"中国联通 GSM","cityCode":"710","cityName":"武汉","orderNo":"9","provinceCode":"71","provinceName":"湖北","remark":"武汉","serviceHeadCode":"130","serviceNumCode":"1300008"},{"basicOrgCode":"12","basicOrgName":"联通","busiCode":"中国联通","cityCode":"841","cityName":"西安","orderNo":"10","provinceCode":"84","provinceName":"陕西","remark":"西安","serviceHeadCode":"130","serviceNumCode":"1300009"}]
]]></system-out>
  <system-err><![CDATA[]]></system-err>
</testsuite>
